<?xml version="1.0" encoding="UTF-8"?>
<testsuite xmlns:xsi="http://www.w3.org/2001/XMLSchema-instance" xsi:noNamespaceSchemaLocation="https://maven.apache.org/surefire/maven-surefire-plugin/xsd/surefire-test-report-3.0.xsd" version="3.0" name="TestSuite" time="56.72" tests="1" errors="0" skipped="0" failures="0">
  <properties>
[...]
</properties>
  <testcase name="runScenario[&quot;User goes to Amazon Australia site and process shopping products&quot;, &quot;Optional[Shopping on Amazon Australia]&quot;](1)" classname="cucumberRunner.amazonShoppingRunner" time="47.709">
    <system-out><![CDATA[Mon Sep 06 22:39:20 ICT 2021 | Thread : 1 | Amazon Shopping : Init Test
Mon Sep 06 22:39:20 ICT 2021 | Thread : 1 | Amazon Shopping : Global environment : pro
---------------------------------------------------------------
Mon Sep 06 22:39:22 ICT 2021 | Thread : 1 | Amazon Shopping : &amp#27;[0;33mNavigate to https://www.amazon.com.au/&amp#27;[0m

Scenario: User goes to Amazon Australia site and process shopping products           # src/test/feature/amazonShopping.feature:2
  Given I am on Amazon Australia site                                                # stepDefinition.openBrowserStep.iAmOnAmazonAustraliaSite()
Mon Sep 06 22:39:26 ICT 2021 | Thread : 23 | Amazon Shopping : &amp#27;[0;33mElement that you're waiting for :  is clickable !&amp#27;[0m
  When I go to Home menu                                                             # stepDefinition.homePageSteps.iGoToHomeMenu()
Mon Sep 06 22:39:29 ICT 2021 | Thread : 23 | Amazon Shopping : &amp#27;[0;33mElement that you're waiting for :  is clickable !&amp#27;[0m
  And I go to deal tab                                                               # stepDefinition.homePageSteps.iGoToDealTab()
Mon Sep 06 22:39:32 ICT 2021 | Thread : 23 | Amazon Shopping : &amp#27;[0;33mElement that you're waiting for :  is clickable !&amp#27;[0m
  And I sort the Deals on Home Products by â€œDiscount: High to Lowâ€�                   # stepDefinition.homePageSteps.iSortTheDealsOnHomeProductsByDiscountHighToLow()
Mon Sep 06 22:39:33 ICT 2021 | Thread : 23 | Amazon Shopping : &amp#27;[0;33mElement that you're waiting for : 100 8cf77936-announce is clickable !&amp#27;[0m
  And I view Deal for second item                                                    # stepDefinition.homePageSteps.iViewDealForSecondItem()
Mon Sep 06 22:39:35 ICT 2021 | Thread : 23 | Amazon Shopping : &amp#27;[0;33mElement that you're waiting for :  is clickable !&amp#27;[0m
  And I click the link "click here to see current deals."                            # stepDefinition.homePageSteps.iClickTheLink(java.lang.String)
Mon Sep 06 22:39:37 ICT 2021 | Thread : 23 | Amazon Shopping : &amp#27;[0;33mElement that you're waiting for :  is visible !&amp#27;[0m
  Then I should be on Today's Deals                                                  # stepDefinition.homePageSteps.iShouldBeOnTodaySDeals()
Mon Sep 06 22:39:38 ICT 2021 | Thread : 23 | Amazon Shopping : &amp#27;[0;33mElement that you're waiting for :  is clickable !&amp#27;[0m
  When I sort the Today's Deals by â€œDiscount: High to Lowâ€�                           # stepDefinition.homePageSteps.i_sort_the_deals_on_home_products_by_discount_high_to_low()
Mon Sep 06 22:39:40 ICT 2021 | Thread : 23 | Amazon Shopping : &amp#27;[0;33mElement that you're waiting for :  is clickable !&amp#27;[0m
  And I click View second item                                                       # stepDefinition.homePageSteps.iClickViewSecondItem()
Mon Sep 06 22:39:45 ICT 2021 | Thread : 23 | Amazon Shopping : &amp#27;[0;33mElement that you're waiting for : quantity is clickable !&amp#27;[0m
Mon Sep 06 22:39:46 ICT 2021 | Thread : 23 | Amazon Shopping : &amp#27;[0;33mElement that you're waiting for : add-to-cart-button is clickable !&amp#27;[0m
  And I add 5 items into the cart                                                    # stepDefinition.homePageSteps.iAddItemsIntoTheCart(int)
Mon Sep 06 22:39:48 ICT 2021 | Thread : 23 | Amazon Shopping : &amp#27;[0;33mElement that you're waiting for : nav-logo-sprites is clickable !&amp#27;[0m
  And I go back to Home page                                                         # stepDefinition.homePageSteps.iGoBackToHomePage()
Mon Sep 06 22:39:49 ICT 2021 | Thread : 23 | Amazon Shopping : &amp#27;[0;33mElement that you're waiting for : twotabsearchtextbox is visible !&amp#27;[0m
Mon Sep 06 22:39:50 ICT 2021 | Thread : 23 | Amazon Shopping : &amp#27;[0;33mElement that you're waiting for : nav-search-submit-button is clickable !&amp#27;[0m
  And I search for "AAA Batteries"                                                   # stepDefinition.homePageSteps.iSearchForText(java.lang.String)
Mon Sep 06 22:39:53 ICT 2021 | Thread : 23 | Amazon Shopping : &amp#27;[0;33mElement that you're waiting for : a-autoid-0-announce is clickable !&amp#27;[0m
  And I sort the items by â€œNewest Arrivalsâ€�                                          # stepDefinition.homePageSteps.iSortTheItemsByNewestArrivals()
Mon Sep 06 22:39:55 ICT 2021 | Thread : 23 | Amazon Shopping : &amp#27;[0;33mElement that you're waiting for :  is clickable !&amp#27;[0m
  And I click on Newest Arrivals item                                                # stepDefinition.homePageSteps.iClickOnNewestArrivalsItem()
Mon Sep 06 22:39:59 ICT 2021 | Thread : 23 | Amazon Shopping : &amp#27;[0;33mElement that you're waiting for : quantity is clickable !&amp#27;[0m
Mon Sep 06 22:39:59 ICT 2021 | Thread : 23 | Amazon Shopping : &amp#27;[0;33mElement that you're waiting for : add-to-cart-button is clickable !&amp#27;[0m
  And I add 2 items into the cart                                                    # stepDefinition.homePageSteps.iAddItemsIntoTheCart(int)
Mon Sep 06 22:40:02 ICT 2021 | Thread : 23 | Amazon Shopping : &amp#27;[0;33mElement that you're waiting for : nav-cart-count is clickable !&amp#27;[0m
  And I go to shopping cart                                                          # stepDefinition.homePageSteps.iGoToShoppingCart()
Mon Sep 06 22:40:03 ICT 2021 | Thread : 23 | Amazon Shopping : &amp#27;[0;33mElement that you're waiting for :  is visible !&amp#27;[0m
Mon Sep 06 22:40:04 ICT 2021 | Thread : 23 | Amazon Shopping : &amp#27;[0;33mElement that you're waiting for :  is visible !&amp#27;[0m
  Then I should see quantities of first item is 5 and second item is 2               # stepDefinition.shoppingCartPageSteps.iShouldSeeQuantitiesOfItemsCorrect(int,int)
Mon Sep 06 22:40:04 ICT 2021 | Thread : 23 | Amazon Shopping : &amp#27;[0;33mElement that you're waiting for :  is visible !&amp#27;[0m
  Then I should see prices of individual items is displayed                          # stepDefinition.shoppingCartPageSteps.iShouldSeePricesOfIndividualItemsIsDisplayed()
Mon Sep 06 22:40:04 ICT 2021 | Thread : 23 | Amazon Shopping : &amp#27;[0;33mElement that you're waiting for :  is visible !&amp#27;[0m
18.84
49.95
194.1
  Then I see total prices of 5 first item and 2 second item are calculated correctly # stepDefinition.shoppingCartPageSteps.iSeeTotalPricesOfFirstItemAndSecondItemAreCalculatedCorrectly(int,int)
  And I edit the first item quantity to 3                                            # stepDefinition.shoppingCartPageSteps.iEditTheFirstItemQuantityTo(int)
  And I edit the second item quantity to 1                                           # stepDefinition.shoppingCartPageSteps.iEditTheSecondItemQuantityTo(int)
Mon Sep 06 22:40:06 ICT 2021 | Thread : 23 | Amazon Shopping : &amp#27;[0;33mElement that you're waiting for :  is clickable !&amp#27;[0m
  And I delete the first item                                                        # stepDefinition.shoppingCartPageSteps.iDeleteTheFirstItem()
Mon Sep 06 22:40:06 ICT 2021 | Thread : 23 | Amazon Shopping : &amp#27;[0;33mElement that you're waiting for :  is clickable !&amp#27;[0m
Mon Sep 06 22:40:06 ICT 2021 | Thread : 23 | Amazon Shopping : &amp#27;[0;33mElement that you're waiting for :  is clickable !&amp#27;[0m
  And I click â€œProceed to Checkoutâ€�                                                  # stepDefinition.shoppingCartPageSteps.i_click_proceed_to_checkout()
Mon Sep 06 22:40:13 ICT 2021 | Thread : 23 | Amazon Shopping : &amp#27;[0;33mElement that you're waiting for : ap_email is visible !&amp#27;[0m
  Then I have been navigated to Sign-In screen                                       # stepDefinition.signInPageSteps.iHaveBeenNavigatedToSignInScreen()
]]></system-out>
    <system-err><![CDATA[Starting ChromeDriver 92.0.4515.107 (87a818b10553a07434ea9e2b6dccf3cbe7895134-refs/branch-heads/4515@{#1634}) on port 4335
Only local connections are allowed.
Please see https://chromedriver.chromium.org/security-considerations for suggestions on keeping ChromeDriver safe.
ChromeDriver was started successfully.
Sep 06, 2021 10:39:22 PM org.openqa.selenium.remote.ProtocolHandshake createSession
INFO: Detected dialect: W3C
]]></system-err>
  </testcase>
</testsuite>